Analysis & Synthesis report for Savarankiskas
Mon Oct 10 22:58:19 2022
Quartus Prime Version 17.0.0 Build 595 04/25/2017 SJ Lite Edition


---------------------
; Table of Contents ;
---------------------
  1. Legal Notice
  2. Analysis & Synthesis Summary
  3. Analysis & Synthesis Settings
  4. Parallel Compilation
  5. Analysis & Synthesis Messages



----------------
; Legal Notice ;
----------------
Copyright (C) 2017  Intel Corporation. All rights reserved.
Your use of Intel Corporation's design tools, logic functions 
and other software and tools, and its AMPP partner logic 
functions, and any output files from any of the foregoing 
(including device programming or simulation files), and any 
associated documentation or information are expressly subject 
to the terms and conditions of the Intel Program License 
Subscription Agreement, the Intel Quartus Prime License Agreement,
the Intel MegaCore Function License Agreement, or other 
applicable license agreement, including, without limitation, 
that your use is for the sole purpose of programming logic 
devices manufactured by Intel and sold by Intel or its 
authorized distributors.  Please refer to the applicable 
agreement for further details.



+---------------------------------------------------------------------------------+
; Analysis & Synthesis Summary                                                    ;
+-----------------------------------+---------------------------------------------+
; Analysis & Synthesis Status       ; Failed - Mon Oct 10 22:58:19 2022           ;
; Quartus Prime Version             ; 17.0.0 Build 595 04/25/2017 SJ Lite Edition ;
; Revision Name                     ; Savarankiskas                               ;
; Top-level Entity Name             ; I2CSlaveController                          ;
; Family                            ; Arria II GX                                 ;
; Logic utilization                 ; N/A until Partition Merge                   ;
;     Combinational ALUTs           ; N/A until Partition Merge                   ;
;     Memory ALUTs                  ; N/A until Partition Merge                   ;
;     Dedicated logic registers     ; N/A until Partition Merge                   ;
; Total registers                   ; N/A until Partition Merge                   ;
; Total pins                        ; N/A until Partition Merge                   ;
; Total virtual pins                ; N/A until Partition Merge                   ;
; Total block memory bits           ; N/A until Partition Merge                   ;
; DSP block 18-bit elements         ; N/A until Partition Merge                   ;
; Total GXB Receiver Channel PCS    ; N/A until Partition Merge                   ;
; Total GXB Receiver Channel PMA    ; N/A until Partition Merge                   ;
; Total GXB Transmitter Channel PCS ; N/A until Partition Merge                   ;
; Total GXB Transmitter Channel PMA ; N/A until Partition Merge                   ;
; Total PLLs                        ; N/A until Partition Merge                   ;
; Total DLLs                        ; N/A until Partition Merge                   ;
+-----------------------------------+---------------------------------------------+


+---------------------------------------------------------------------------------------------------------------------------+
; Analysis & Synthesis Settings                                                                                             ;
+---------------------------------------------------------------------------------+--------------------+--------------------+
; Option                                                                          ; Setting            ; Default Value      ;
+---------------------------------------------------------------------------------+--------------------+--------------------+
; Top-level entity name                                                           ; I2CSlaveController ; Savarankiskas      ;
; Family name                                                                     ; Arria II GX        ; Cyclone V          ;
; Use smart compilation                                                           ; Off                ; Off                ;
; Enable parallel Assembler and TimeQuest Timing Analyzer during compilation      ; On                 ; On                 ;
; Enable compact report table                                                     ; Off                ; Off                ;
; Restructure Multiplexers                                                        ; Auto               ; Auto               ;
; MLAB Add Timing Constraints For Mixed-Port Feed-Through Mode Setting Don't Care ; Off                ; Off                ;
; Create Debugging Nodes for IP Cores                                             ; Off                ; Off                ;
; Preserve fewer node names                                                       ; On                 ; On                 ;
; OpenCore Plus hardware evaluation                                               ; Enable             ; Enable             ;
; Verilog Version                                                                 ; Verilog_2001       ; Verilog_2001       ;
; VHDL Version                                                                    ; VHDL_1993          ; VHDL_1993          ;
; State Machine Processing                                                        ; Auto               ; Auto               ;
; Safe State Machine                                                              ; Off                ; Off                ;
; Extract Verilog State Machines                                                  ; On                 ; On                 ;
; Extract VHDL State Machines                                                     ; On                 ; On                 ;
; Ignore Verilog initial constructs                                               ; Off                ; Off                ;
; Iteration limit for constant Verilog loops                                      ; 5000               ; 5000               ;
; Iteration limit for non-constant Verilog loops                                  ; 250                ; 250                ;
; Add Pass-Through Logic to Inferred RAMs                                         ; On                 ; On                 ;
; Infer RAMs from Raw Logic                                                       ; On                 ; On                 ;
; Parallel Synthesis                                                              ; On                 ; On                 ;
; DSP Block Balancing                                                             ; Auto               ; Auto               ;
; NOT Gate Push-Back                                                              ; On                 ; On                 ;
; Power-Up Don't Care                                                             ; On                 ; On                 ;
; Remove Redundant Logic Cells                                                    ; Off                ; Off                ;
; Remove Duplicate Registers                                                      ; On                 ; On                 ;
; Ignore CARRY Buffers                                                            ; Off                ; Off                ;
; Ignore CASCADE Buffers                                                          ; Off                ; Off                ;
; Ignore GLOBAL Buffers                                                           ; Off                ; Off                ;
; Ignore ROW GLOBAL Buffers                                                       ; Off                ; Off                ;
; Ignore LCELL Buffers                                                            ; Off                ; Off                ;
; Ignore SOFT Buffers                                                             ; On                 ; On                 ;
; Limit AHDL Integers to 32 Bits                                                  ; Off                ; Off                ;
; Optimization Technique                                                          ; Balanced           ; Balanced           ;
; Carry Chain Length                                                              ; 70                 ; 70                 ;
; Auto Carry Chains                                                               ; On                 ; On                 ;
; Auto Open-Drain Pins                                                            ; On                 ; On                 ;
; Perform WYSIWYG Primitive Resynthesis                                           ; Off                ; Off                ;
; Auto ROM Replacement                                                            ; On                 ; On                 ;
; Auto RAM Replacement                                                            ; On                 ; On                 ;
; Auto DSP Block Replacement                                                      ; On                 ; On                 ;
; Auto Shift Register Replacement                                                 ; Auto               ; Auto               ;
; Allow Shift Register Merging across Hierarchies                                 ; Auto               ; Auto               ;
; Auto Clock Enable Replacement                                                   ; On                 ; On                 ;
; Strict RAM Replacement                                                          ; Off                ; Off                ;
; Allow Synchronous Control Signals                                               ; On                 ; On                 ;
; Force Use of Synchronous Clear Signals                                          ; Off                ; Off                ;
; Auto RAM Block Balancing                                                        ; On                 ; On                 ;
; Auto RAM to Logic Cell Conversion                                               ; Off                ; Off                ;
; Auto Resource Sharing                                                           ; Off                ; Off                ;
; Allow Any RAM Size For Recognition                                              ; Off                ; Off                ;
; Allow Any ROM Size For Recognition                                              ; Off                ; Off                ;
; Allow Any Shift Register Size For Recognition                                   ; Off                ; Off                ;
; Use LogicLock Constraints during Resource Balancing                             ; On                 ; On                 ;
; Ignore translate_off and synthesis_off directives                               ; Off                ; Off                ;
; Timing-Driven Synthesis                                                         ; On                 ; On                 ;
; Report Parameter Settings                                                       ; On                 ; On                 ;
; Report Source Assignments                                                       ; On                 ; On                 ;
; Report Connectivity Checks                                                      ; On                 ; On                 ;
; Ignore Maximum Fan-Out Assignments                                              ; Off                ; Off                ;
; Synchronization Register Chain Length                                           ; 3                  ; 3                  ;
; PowerPlay Power Optimization During Synthesis                                   ; Normal compilation ; Normal compilation ;
; HDL message level                                                               ; Level2             ; Level2             ;
; Suppress Register Optimization Related Messages                                 ; Off                ; Off                ;
; Number of Removed Registers Reported in Synthesis Report                        ; 5000               ; 5000               ;
; Number of Swept Nodes Reported in Synthesis Report                              ; 5000               ; 5000               ;
; Number of Inverted Registers Reported in Synthesis Report                       ; 100                ; 100                ;
; Clock MUX Protection                                                            ; On                 ; On                 ;
; Auto Gated Clock Conversion                                                     ; Off                ; Off                ;
; Block Design Naming                                                             ; Auto               ; Auto               ;
; SDC constraint protection                                                       ; Off                ; Off                ;
; Synthesis Effort                                                                ; Auto               ; Auto               ;
; Shift Register Replacement - Allow Asynchronous Clear Signal                    ; On                 ; On                 ;
; Pre-Mapping Resynthesis Optimization                                            ; Off                ; Off                ;
; Analysis & Synthesis Message Level                                              ; Medium             ; Medium             ;
; Disable Register Merging Across Hierarchies                                     ; Auto               ; Auto               ;
; Resource Aware Inference For Block RAM                                          ; On                 ; On                 ;
+---------------------------------------------------------------------------------+--------------------+--------------------+


+------------------------------------------+
; Parallel Compilation                     ;
+----------------------------+-------------+
; Processors                 ; Number      ;
+----------------------------+-------------+
; Number detected on machine ; 12          ;
; Maximum allowed            ; 12          ;
;                            ;             ;
; Average used               ; 1.00        ;
; Maximum used               ; 1           ;
;                            ;             ;
; Usage by Processor         ; % Time Used ;
;     Processor 1            ; 100.0%      ;
+----------------------------+-------------+


+-------------------------------+
; Analysis & Synthesis Messages ;
+-------------------------------+
Info: *******************************************************************
Info: Running Quartus Prime Analysis & Synthesis
    Info: Version 17.0.0 Build 595 04/25/2017 SJ Lite Edition
    Info: Processing started: Mon Oct 10 22:58:10 2022
Info: Command: quartus_map --read_settings_files=on --write_settings_files=off Savarankiskas -c Savarankiskas
Warning (18236): Number of processors has not been specified which may cause overloading on shared machines.  Set the global assignment NUM_PARALLEL_PROCESSORS in your QSF to an appropriate value for best performance.
Info (20030): Parallel compilation is enabled and will use 12 of the 12 processors detected
Info (12021): Found 2 design units, including 1 entities, in source file kodas1.vhd
    Info (12022): Found design unit 1: Kodas1-behaviour1 File: C:/Users/simon/Desktop/UNI/VHDL/SavarankiskasKodas/FPGA-LED-controlled-by-I2C/Kodas1.vhd Line: 9
    Info (12023): Found entity 1: Kodas1 File: C:/Users/simon/Desktop/UNI/VHDL/SavarankiskasKodas/FPGA-LED-controlled-by-I2C/Kodas1.vhd Line: 6
Info (12021): Found 2 design units, including 1 entities, in source file ram.vhd
    Info (12022): Found design unit 1: RAM-arch File: C:/Users/simon/Desktop/UNI/VHDL/SavarankiskasKodas/FPGA-LED-controlled-by-I2C/RAM.vhd Line: 19
    Info (12023): Found entity 1: RAM File: C:/Users/simon/Desktop/UNI/VHDL/SavarankiskasKodas/FPGA-LED-controlled-by-I2C/RAM.vhd Line: 5
Info (12021): Found 2 design units, including 1 entities, in source file i2cslavecontroller.vhd
    Info (12022): Found design unit 1: I2CSlaveController-arc File: C:/Users/simon/Desktop/UNI/VHDL/SavarankiskasKodas/FPGA-LED-controlled-by-I2C/I2CSlaveController.vhd Line: 19
    Info (12023): Found entity 1: I2CSlaveController File: C:/Users/simon/Desktop/UNI/VHDL/SavarankiskasKodas/FPGA-LED-controlled-by-I2C/I2CSlaveController.vhd Line: 6
Info (12021): Found 2 design units, including 1 entities, in source file i2ctestbench.vhd
    Info (12022): Found design unit 1: I2CTestBench-arc File: C:/Users/simon/Desktop/UNI/VHDL/SavarankiskasKodas/FPGA-LED-controlled-by-I2C/I2CTestBench.vhd Line: 10
    Info (12023): Found entity 1: I2CTestBench File: C:/Users/simon/Desktop/UNI/VHDL/SavarankiskasKodas/FPGA-LED-controlled-by-I2C/I2CTestBench.vhd Line: 7
Info (12021): Found 2 design units, including 1 entities, in source file ledcontroller.vhd
    Info (12022): Found design unit 1: LEDController-arc File: C:/Users/simon/Desktop/UNI/VHDL/SavarankiskasKodas/FPGA-LED-controlled-by-I2C/LEDController.vhd Line: 17
    Info (12023): Found entity 1: LEDController File: C:/Users/simon/Desktop/UNI/VHDL/SavarankiskasKodas/FPGA-LED-controlled-by-I2C/LEDController.vhd Line: 5
Info (12127): Elaborating entity "I2CSlaveController" for the top level hierarchy
Warning (10036): Verilog HDL or VHDL warning at I2CSlaveController.vhd(22): object "dataRead" assigned a value but never read File: C:/Users/simon/Desktop/UNI/VHDL/SavarankiskasKodas/FPGA-LED-controlled-by-I2C/I2CSlaveController.vhd Line: 22
Warning (10492): VHDL Process Statement warning at I2CSlaveController.vhd(51): signal "SCL" is read inside the Process Statement but isn't in the Process Statement's sensitivity list File: C:/Users/simon/Desktop/UNI/VHDL/SavarankiskasKodas/FPGA-LED-controlled-by-I2C/I2CSlaveController.vhd Line: 51
Warning (10492): VHDL Process Statement warning at I2CSlaveController.vhd(51): signal "start" is read inside the Process Statement but isn't in the Process Statement's sensitivity list File: C:/Users/simon/Desktop/UNI/VHDL/SavarankiskasKodas/FPGA-LED-controlled-by-I2C/I2CSlaveController.vhd Line: 51
Warning (10492): VHDL Process Statement warning at I2CSlaveController.vhd(61): signal "start" is read inside the Process Statement but isn't in the Process Statement's sensitivity list File: C:/Users/simon/Desktop/UNI/VHDL/SavarankiskasKodas/FPGA-LED-controlled-by-I2C/I2CSlaveController.vhd Line: 61
Error (10820): Netlist error at I2CSlaveController.vhd(51): can't infer register for dataRead.Comm2 because its behavior depends on the edges of multiple distinct clocks File: C:/Users/simon/Desktop/UNI/VHDL/SavarankiskasKodas/FPGA-LED-controlled-by-I2C/I2CSlaveController.vhd Line: 51
Info (10041): Inferred latch for "dataRead.Comm2" at I2CSlaveController.vhd(34) File: C:/Users/simon/Desktop/UNI/VHDL/SavarankiskasKodas/FPGA-LED-controlled-by-I2C/I2CSlaveController.vhd Line: 34
Error (10820): Netlist error at I2CSlaveController.vhd(51): can't infer register for dataRead.Comm1 because its behavior depends on the edges of multiple distinct clocks File: C:/Users/simon/Desktop/UNI/VHDL/SavarankiskasKodas/FPGA-LED-controlled-by-I2C/I2CSlaveController.vhd Line: 51
Info (10041): Inferred latch for "dataRead.Comm1" at I2CSlaveController.vhd(34) File: C:/Users/simon/Desktop/UNI/VHDL/SavarankiskasKodas/FPGA-LED-controlled-by-I2C/I2CSlaveController.vhd Line: 34
Error (10820): Netlist error at I2CSlaveController.vhd(51): can't infer register for dataRead.Adress because its behavior depends on the edges of multiple distinct clocks File: C:/Users/simon/Desktop/UNI/VHDL/SavarankiskasKodas/FPGA-LED-controlled-by-I2C/I2CSlaveController.vhd Line: 51
Info (10041): Inferred latch for "dataRead.Adress" at I2CSlaveController.vhd(34) File: C:/Users/simon/Desktop/UNI/VHDL/SavarankiskasKodas/FPGA-LED-controlled-by-I2C/I2CSlaveController.vhd Line: 34
Error (10820): Netlist error at I2CSlaveController.vhd(51): can't infer register for dataRead.None because its behavior depends on the edges of multiple distinct clocks File: C:/Users/simon/Desktop/UNI/VHDL/SavarankiskasKodas/FPGA-LED-controlled-by-I2C/I2CSlaveController.vhd Line: 51
Info (10041): Inferred latch for "dataRead.None" at I2CSlaveController.vhd(34) File: C:/Users/simon/Desktop/UNI/VHDL/SavarankiskasKodas/FPGA-LED-controlled-by-I2C/I2CSlaveController.vhd Line: 34
Error (10822): HDL error at I2CSlaveController.vhd(36): couldn't implement registers for assignments on this clock edge File: C:/Users/simon/Desktop/UNI/VHDL/SavarankiskasKodas/FPGA-LED-controlled-by-I2C/I2CSlaveController.vhd Line: 36
Error (10822): HDL error at I2CSlaveController.vhd(51): couldn't implement registers for assignments on this clock edge File: C:/Users/simon/Desktop/UNI/VHDL/SavarankiskasKodas/FPGA-LED-controlled-by-I2C/I2CSlaveController.vhd Line: 51
Error (12153): Can't elaborate top-level user hierarchy
Error: Quartus Prime Analysis & Synthesis was unsuccessful. 7 errors, 5 warnings
    Error: Peak virtual memory: 4847 megabytes
    Error: Processing ended: Mon Oct 10 22:58:19 2022
    Error: Elapsed time: 00:00:09
    Error: Total CPU time (on all processors): 00:00:19


